[2022-02-02T11:00:00.762] [INFO] threshold_cron - ######################################################################
[2022-02-02T11:00:00.768] [INFO] threshold_cron - Cron run on  2022-02-02T05:30:00.768Z mail run successfully
[2022-02-02T11:00:00.998] [INFO] threshold_cron - admin name, email  Tech9logy tech@tech9logy.com  mail run successfully
[2022-02-02T11:00:01.026] [INFO] threshold_cron - admin name, email  chitra chitrasingh.cs85@gmail.com  mail run successfully
[2022-02-02T11:00:01.027] [INFO] threshold_cron - admin name, email  akash@gmail.com akash@tech9logy.in  mail run successfully
[2022-02-02T11:00:01.029] [INFO] threshold_cron - admin name, email  dishakc disha@krishicress.com  mail run successfully
[2022-02-02T11:00:01.031] [INFO] threshold_cron - admin name, email  Inventory manishchaubey@krishicress.com  mail run successfully
[2022-02-02T11:00:01.033] [INFO] threshold_cron - admin name, email  order team tech9 dishavb@gmail.com  mail run successfully
[2022-02-02T11:00:01.035] [INFO] threshold_cron - admin name, email  sales online vijay@krishicress.com  mail run successfully
[2022-02-02T11:00:01.037] [INFO] threshold_cron - admin name, email  krishi_sales customercare@krishcress.com  mail run successfully
[2022-02-02T11:00:01.038] [INFO] threshold_cron - admin name, email  rakshit rakshitbhalla@krishicress.com  mail run successfully
[2022-02-02T11:00:01.040] [INFO] threshold_cron - admin name, email  achintya achintya@krishicress.com  mail run successfully
[2022-02-02T12:00:00.242] [INFO] threshold_cron - ######################################################################
[2022-02-02T12:00:00.243] [INFO] threshold_cron - Cron run on  2022-02-02T06:30:00.243Z mail run successfully
[2022-02-02T14:00:00.275] [INFO] threshold_cron - ######################################################################
[2022-02-02T14:00:00.279] [INFO] threshold_cron - Cron run on  2022-02-02T08:30:00.279Z mail run successfully
[2022-02-02T14:00:00.393] [INFO] threshold_cron - admin name, email  Tech9logy tech@tech9logy.com  mail run successfully
[2022-02-02T14:00:00.395] [INFO] threshold_cron - admin name, email  chitra chitrasingh.cs85@gmail.com  mail run successfully
[2022-02-02T14:00:00.399] [INFO] threshold_cron - admin name, email  akash@gmail.com akash@tech9logy.in  mail run successfully
[2022-02-03T11:00:00.430] [INFO] threshold_cron - ######################################################################
[2022-02-03T11:00:00.431] [INFO] threshold_cron - Cron run on  2022-02-03T05:30:00.431Z mail run successfully
[2022-02-03T11:00:00.571] [INFO] threshold_cron - admin name, email  Tech9logy tech@tech9logy.com  mail run successfully
[2022-02-03T11:00:00.574] [INFO] threshold_cron - admin name, email  chitra chitrasingh.cs85@gmail.com  mail run successfully
[2022-02-03T11:00:00.578] [INFO] threshold_cron - admin name, email  akash@gmail.com akash@tech9logy.in  mail run successfully
[2022-02-03T12:00:00.682] [INFO] threshold_cron - ######################################################################
[2022-02-03T12:00:00.683] [INFO] threshold_cron - Cron run on  2022-02-03T06:30:00.683Z mail run successfully
[2022-02-04T11:00:00.282] [INFO] threshold_cron - ######################################################################
[2022-02-04T11:00:00.284] [INFO] threshold_cron - Cron run on  2022-02-04T05:30:00.284Z mail run successfully
[2022-02-04T11:00:00.378] [INFO] threshold_cron - admin name, email  Tech9logy tech@tech9logy.com  mail run successfully
[2022-02-04T11:00:00.379] [INFO] threshold_cron - admin name, email  chitra chitrasingh.cs85@gmail.com  mail run successfully
[2022-02-04T11:00:00.381] [INFO] threshold_cron - admin name, email  akash@gmail.com akash@tech9logy.in  mail run successfully
[2022-02-04T11:00:00.384] [INFO] threshold_cron - admin name, email  dishakc disha@krishicress.com  mail run successfully
[2022-02-04T11:00:00.386] [INFO] threshold_cron - admin name, email  Inventory manishchaubey@krishicress.com  mail run successfully
[2022-02-07T10:00:00.686] [INFO] threshold_cron - ######################################################################
[2022-02-07T10:00:00.688] [INFO] threshold_cron - Cron run on  2022-02-07T04:30:00.688Z mail run successfully
[2022-02-07T10:00:00.998] [INFO] threshold_cron - admin name, email  Tech9logy tech@tech9logy.com  mail run successfully
[2022-02-07T10:00:01.001] [INFO] threshold_cron - admin name, email  chitra chitrasingh.cs85@gmail.com  mail run successfully
[2022-02-07T10:00:01.006] [INFO] threshold_cron - admin name, email  akash@gmail.com akash@tech9logy.in  mail run successfully
[2022-02-07T13:00:00.774] [INFO] threshold_cron - ######################################################################
[2022-02-07T13:00:00.775] [INFO] threshold_cron - Cron run on  2022-02-07T07:30:00.775Z mail run successfully
[2022-02-07T13:00:00.931] [INFO] threshold_cron - admin name, email  Tech9logy tech@tech9logy.com  mail run successfully
[2022-02-07T13:00:00.955] [INFO] threshold_cron - admin name, email  chitra chitrasingh.cs85@gmail.com  mail run successfully
[2022-02-07T13:00:00.958] [INFO] threshold_cron - admin name, email  akash@gmail.com akash@tech9logy.in  mail run successfully
[2022-02-07T14:00:00.457] [INFO] threshold_cron - ######################################################################
[2022-02-07T14:00:00.458] [INFO] threshold_cron - Cron run on  2022-02-07T08:30:00.457Z mail run successfully
[2022-02-07T14:00:00.578] [INFO] threshold_cron - admin name, email  Tech9logy tech@tech9logy.com  mail run successfully
[2022-02-07T14:00:00.580] [INFO] threshold_cron - admin name, email  chitra chitrasingh.cs85@gmail.com  mail run successfully
[2022-02-07T14:00:00.583] [INFO] threshold_cron - admin name, email  akash@gmail.com akash@tech9logy.in  mail run successfully
[2022-02-07T15:00:00.986] [INFO] threshold_cron - ######################################################################
[2022-02-07T15:00:00.987] [INFO] threshold_cron - Cron run on  2022-02-07T09:30:00.987Z mail run successfully
[2022-02-07T15:00:01.086] [INFO] threshold_cron - admin name, email  Tech9logy tech@tech9logy.com  mail run successfully
[2022-02-07T15:00:01.089] [INFO] threshold_cron - admin name, email  chitra chitrasingh.cs85@gmail.com  mail run successfully
[2022-02-07T16:00:00.717] [INFO] threshold_cron - ######################################################################
[2022-02-07T16:00:00.717] [INFO] threshold_cron - Cron run on  2022-02-07T10:30:00.717Z mail run successfully
[2022-02-07T16:00:00.868] [INFO] threshold_cron - admin name, email  Tech9logy tech@tech9logy.com  mail run successfully
[2022-02-07T16:00:00.872] [INFO] threshold_cron - admin name, email  chitra chitrasingh.cs85@gmail.com  mail run successfully
[2022-02-07T16:00:00.876] [INFO] threshold_cron - admin name, email  akash@gmail.com akash@tech9logy.in  mail run successfully
[2022-02-07T17:00:00.298] [INFO] threshold_cron - ######################################################################
[2022-02-07T17:00:00.303] [INFO] threshold_cron - Cron run on  2022-02-07T11:30:00.303Z mail run successfully
[2022-02-07T17:00:00.416] [INFO] threshold_cron - admin name, email  Tech9logy tech@tech9logy.com  mail run successfully
[2022-02-07T17:00:00.419] [INFO] threshold_cron - admin name, email  chitra chitrasingh.cs85@gmail.com  mail run successfully
[2022-02-07T17:00:00.422] [INFO] threshold_cron - admin name, email  akash@gmail.com akash@tech9logy.in  mail run successfully
[2022-02-08T12:00:00.065] [INFO] threshold_cron - ######################################################################
[2022-02-08T13:00:00.389] [INFO] threshold_cron - ######################################################################
[2022-02-08T13:00:00.391] [INFO] threshold_cron - Cron run on  2022-02-08T07:30:00.391Z mail run successfully
[2022-02-08T13:00:00.612] [INFO] threshold_cron - admin name, email  Tech9logy tech@tech9logy.com  mail run successfully
[2022-02-08T13:00:00.614] [INFO] threshold_cron - admin name, email  chitra chitrasingh.cs85@gmail.com  mail run successfully
[2022-02-08T13:00:00.616] [INFO] threshold_cron - admin name, email  akash@gmail.com akash@tech9logy.in  mail run successfully
[2022-02-08T13:00:00.618] [INFO] threshold_cron - admin name, email  dishakc disha@krishicress.com  mail run successfully
[2022-02-08T13:00:00.620] [INFO] threshold_cron - admin name, email  Inventory manishchaubey@krishicress.com  mail run successfully
[2022-02-08T13:00:00.639] [INFO] threshold_cron - admin name, email  order team tech9 dishavb@gmail.com  mail run successfully
[2022-02-08T13:00:00.641] [INFO] threshold_cron - admin name, email  sales online vijay@krishicress.com  mail run successfully
[2022-02-08T13:00:00.642] [INFO] threshold_cron - admin name, email  krishi_sales customercare@krishcress.com  mail run successfully
[2022-02-08T13:00:00.644] [INFO] threshold_cron - admin name, email  rakshit rakshitbhalla@krishicress.com  mail run successfully
[2022-02-08T13:00:00.650] [INFO] threshold_cron - admin name, email  achintya achintya@krishicress.com  mail run successfully
[2022-02-08T14:00:00.137] [INFO] threshold_cron - ######################################################################
[2022-02-08T14:00:00.138] [INFO] threshold_cron - Cron run on  2022-02-08T08:30:00.138Z mail run successfully
[2022-02-08T14:00:00.305] [INFO] threshold_cron - admin name, email  Tech9logy tech@tech9logy.com  mail run successfully
[2022-02-08T14:00:00.307] [INFO] threshold_cron - admin name, email  chitra chitrasingh.cs85@gmail.com  mail run successfully
[2022-02-08T14:00:00.311] [INFO] threshold_cron - admin name, email  akash@gmail.com akash@tech9logy.in  mail run successfully
[2022-02-08T14:00:00.314] [INFO] threshold_cron - admin name, email  dishakc disha@krishicress.com  mail run successfully
[2022-02-08T14:00:00.317] [INFO] threshold_cron - admin name, email  Inventory manishchaubey@krishicress.com  mail run successfully
[2022-02-08T15:00:00.893] [INFO] threshold_cron - ######################################################################
[2022-02-08T15:00:00.894] [INFO] threshold_cron - Cron run on  2022-02-08T09:30:00.894Z mail run successfully
[2022-02-08T15:00:01.015] [INFO] threshold_cron - admin name, email  Tech9logy tech@tech9logy.com  mail run successfully
[2022-02-08T15:00:01.017] [INFO] threshold_cron - admin name, email  chitra chitrasingh.cs85@gmail.com  mail run successfully
[2022-02-08T15:00:01.020] [INFO] threshold_cron - admin name, email  akash@gmail.com akash@tech9logy.in  mail run successfully
[2022-02-09T10:00:00.024] [INFO] threshold_cron - ######################################################################
[2022-02-09T10:00:00.025] [INFO] threshold_cron - Cron run on  2022-02-09T04:30:00.025Z mail run successfully
[2022-02-09T10:00:00.286] [INFO] threshold_cron - admin name, email  Tech9logy tech@tech9logy.com  mail run successfully
[2022-02-09T10:00:00.287] [INFO] threshold_cron - admin name, email  chitra chitrasingh.cs85@gmail.com  mail run successfully
[2022-02-09T10:00:00.289] [INFO] threshold_cron - admin name, email  akash@gmail.com akash@tech9logy.in  mail run successfully
[2022-02-09T10:00:00.291] [INFO] threshold_cron - admin name, email  dishakc disha@krishicress.com  mail run successfully
[2022-02-09T10:00:00.294] [INFO] threshold_cron - admin name, email  Inventory manishchaubey@krishicress.com  mail run successfully
[2022-02-09T10:00:00.315] [INFO] threshold_cron - admin name, email  order team tech9 dishavb@gmail.com  mail run successfully
[2022-02-09T10:00:00.319] [INFO] threshold_cron - admin name, email  sales online vijay@krishicress.com  mail run successfully
